Using pre-set license
Built from '2020.2/staging' branch; Version is '2020.2.6f1 (8a2143876886) revision 9052483'; Using compiler version '192528614'; Build Type 'Release'
OS: 'Windows 10 Pro; OS build 19041.928; Version 2004; 64bit' Language: 'pt' Physical Memory: 16244 MB
BatchMode: 1, IsHumanControllingUs: 0, StartBugReporterOnCrash: 0, Is64bit: 1, IsPro: 0

 COMMAND LINE ARGUMENTS:
C:\Program Files\Unity\Hub\Editor\2020.2.6f1\Editor\Unity.exe
-adb2
-batchMode
-noUpm
-name
AssetImportWorker0
-projectPath
C:/Users/victo/Unity/FastLapRacing
-logFile
Logs/AssetImportWorker0.log
-srvPort
52629
Successfully changed project path to: C:/Users/victo/Unity/FastLapRacing
C:/Users/victo/Unity/FastLapRacing
Using Asset Import Pipeline V2.
Refreshing native plugins compatible for Editor in 43.13 ms, found 0 plugins.
Preloading 0 native plugins for Editor in 0.00 ms.
Initialize engine version: 2020.2.6f1 (8a2143876886)
[Subsystems] Discovering subsystems at path C:/Program Files/Unity/Hub/Editor/2020.2.6f1/Editor/Data/Resources/UnitySubsystems
[Subsystems] Discovering subsystems at path C:/Users/victo/Unity/FastLapRacing/Assets
GfxDevice: creating device client; threaded=0
Direct3D:
    Version:  Direct3D 11.0 [level 11.1]
    Renderer: NVIDIA GeForce GTX 960 (ID=0x1401)
    Vendor:   
    VRAM:     4053 MB
    Driver:   27.21.14.6172
Initialize mono
Mono path[0] = 'C:/Program Files/Unity/Hub/Editor/2020.2.6f1/Editor/Data/Managed'
Mono path[1] = 'C:/Program Files/Unity/Hub/Editor/2020.2.6f1/Editor/Data/MonoBleedingEdge/lib/mono/unityjit'
Mono config path = 'C:/Program Files/Unity/Hub/Editor/2020.2.6f1/Editor/Data/MonoBleedingEdge/etc'
Using monoOptions --debugger-agent=transport=dt_socket,embedding=1,server=y,suspend=n,address=127.0.0.1:56852
Begin MonoManager ReloadAssembly
Registering precompiled unity dll's ...
Register platform support module: C:/Program Files/Unity/Hub/Editor/2020.2.6f1/Editor/Data/PlaybackEngines/WindowsStandaloneSupport/UnityEditor.WindowsStandalone.Extensions.dll
Registered in 0.001841 seconds.
Native extension for WindowsStandalone target not found
Refreshing native plugins compatible for Editor in 25.12 ms, found 0 plugins.
Preloading 0 native plugins for Editor in 0.00 ms.
Invoked RoslynAnalysisRunner static constructor.
RoslynAnalysisRunner will not be running.
RoslynAnalysisRunner has terminated.
Mono: successfully reloaded assembly
- Completed reload, in  1.331 seconds
Platform modules already initialized, skipping
Registering precompiled user dll's ...
Registered in 0.001560 seconds.
Begin MonoManager ReloadAssembly
Native extension for WindowsStandalone target not found
Refreshing native plugins compatible for Editor in 0.27 ms, found 0 plugins.
Preloading 0 native plugins for Editor in 0.00 ms.
Invoked RoslynAnalysisRunner static constructor.
RoslynAnalysisRunner will not be running.
RoslynAnalysisRunner has terminated.
Mono: successfully reloaded assembly
- Completed reload, in  0.881 seconds
Platform modules already initialized, skipping
========================================================================
Worker process is ready to serve import requests
Launched and connected shader compiler UnityShaderCompiler.exe after 0.05 seconds
Refreshing native plugins compatible for Editor in 0.37 ms, found 0 plugins.
Preloading 0 native plugins for Editor in 0.00 ms.
Unloading 1123 Unused Serialized files (Serialized files now loaded: 0)
System memory in use before: 76.2 MB.
System memory in use after: 76.3 MB.

Unloading 11 unused Assets to reduce memory usage. Loaded Objects now: 1677.
Total: 1.610000 ms (FindLiveObjects: 0.142100 ms CreateObjectMapping: 0.040900 ms MarkObjects: 1.357900 ms  DeleteObjects: 0.068100 ms)

========================================================================
Received Import Request.
  path: Assets/New Terrain 1.asset
  artifactKey: Guid(4ad82aa9eb6920f43885204dc1415b13) Importer(815301076,1909f56bfc062723c751e8b465ee728b)
Start importing Assets/New Terrain 1.asset using Guid(4ad82aa9eb6920f43885204dc1415b13) Importer(815301076,1909f56bfc062723c751e8b465ee728b)  -> (artifact id: '07973b9395f26cbe99ec1cdb08dcbfc0') in 0.078823 seconds
  Import took 0.081386 seconds .

========================================================================
Received Import Request.
  Time since last request: 0.000206 seconds.
  path: Assets/New Terrain 2.asset
  artifactKey: Guid(5aad89079d917f141ba6e7916beb20dc) Importer(815301076,1909f56bfc062723c751e8b465ee728b)
Start importing Assets/New Terrain 2.asset using Guid(5aad89079d917f141ba6e7916beb20dc) Importer(815301076,1909f56bfc062723c751e8b465ee728b)  -> (artifact id: '90e3c01da09e180a842f719f4ae86173') in 0.037628 seconds
  Import took 0.039671 seconds .

========================================================================
Received Import Request.
  Time since last request: 0.000212 seconds.
  path: Assets/New Terrain.asset
  artifactKey: Guid(491d13d03eb24d34baf03f035481935d) Importer(815301076,1909f56bfc062723c751e8b465ee728b)
Start importing Assets/New Terrain.asset using Guid(491d13d03eb24d34baf03f035481935d) Importer(815301076,1909f56bfc062723c751e8b465ee728b)  -> (artifact id: '13b14b564fa0acdd925b4f447053af7a') in 0.068718 seconds
  Import took 0.071082 seconds .

========================================================================
Received Import Request.
  Time since last request: 19.188524 seconds.
  path: Assets/_TerrainAutoUpgrade/layer_Groundplants 1_DGroundplants 1_N2023054508611406.terrainlayer
  artifactKey: Guid(42f14d1f25142fd47af8d78a31671831) Importer(815301076,1909f56bfc062723c751e8b465ee728b)
Start importing Assets/_TerrainAutoUpgrade/layer_Groundplants 1_DGroundplants 1_N2023054508611406.terrainlayer using Guid(42f14d1f25142fd47af8d78a31671831) Importer(815301076,1909f56bfc062723c751e8b465ee728b)  -> (artifact id: 'ced3927babdec52f065e3b41ad3fb343') in 0.131518 seconds
  Import took 0.134237 seconds .

========================================================================
Received Import Request.
  Time since last request: 0.000257 seconds.
  path: Assets/_TerrainAutoUpgrade/layer_RockSharp 1_DRockSharp 1_N793646612c42751.terrainlayer
  artifactKey: Guid(2ec96daa7d1b99244b44f99886335695) Importer(815301076,1909f56bfc062723c751e8b465ee728b)
Start importing Assets/_TerrainAutoUpgrade/layer_RockSharp 1_DRockSharp 1_N793646612c42751.terrainlayer using Guid(2ec96daa7d1b99244b44f99886335695) Importer(815301076,1909f56bfc062723c751e8b465ee728b)  -> (artifact id: '4c07587a65686775a0e663dd475c58d2') in 0.019480 seconds
  Import took 0.022069 seconds .

========================================================================
Received Import Request.
  Time since last request: 0.057269 seconds.
  path: Assets/_TerrainAutoUpgrade/layer_RockSharp 1_DRockSharp 1_N793646612c42751.terrainlayer
  artifactKey: Guid(2ec96daa7d1b99244b44f99886335695) Importer(815301076,1909f56bfc062723c751e8b465ee728b)
Start importing Assets/_TerrainAutoUpgrade/layer_RockSharp 1_DRockSharp 1_N793646612c42751.terrainlayer using Guid(2ec96daa7d1b99244b44f99886335695) Importer(815301076,1909f56bfc062723c751e8b465ee728b)  -> (artifact id: '4c07587a65686775a0e663dd475c58d2') in 0.033276 seconds
  Import took 0.038281 seconds .

AssetImportWorkerClient::OnTransportError - code=2 error=End of file
